Analysis & Synthesis report for SimpleProcessor
Fri Nov 30 22:45:37 2018
Quartus Prime Version 18.1.0 Build 625 09/12/2018 SJ Lite Edition


---------------------
; Table of Contents ;
---------------------
  1. Legal Notice
  2. Analysis & Synthesis Summary
  3. Analysis & Synthesis Settings
  4. Parallel Compilation
  5. Analysis & Synthesis Source Files Read
  6. Analysis & Synthesis Resource Usage Summary
  7. Analysis & Synthesis Resource Utilization by Entity
  8. Analysis & Synthesis IP Cores Summary
  9. State Machine - |simple_processor_top|processor:p0|Tstep_Q
 10. Registers Removed During Synthesis
 11. Removed Registers Triggering Further Register Optimizations
 12. General Register Statistics
 13. Source assignments for inst_mem:SyncRom1p|altsyncram:altsyncram_component|altsyncram_7ag1:auto_generated
 14. Parameter Settings for User Entity Instance: processor:p0
 15. Parameter Settings for User Entity Instance: processor:p0|reg_enable:InstReg_0
 16. Parameter Settings for User Entity Instance: processor:p0|reg_enable:A_reg
 17. Parameter Settings for User Entity Instance: processor:p0|reg_enable:G_reg
 18. Parameter Settings for User Entity Instance: processor:p0|reg_enable:reg_0
 19. Parameter Settings for User Entity Instance: processor:p0|reg_enable:reg_1
 20. Parameter Settings for User Entity Instance: processor:p0|reg_enable:reg_2
 21. Parameter Settings for User Entity Instance: processor:p0|reg_enable:reg_3
 22. Parameter Settings for User Entity Instance: processor:p0|reg_enable:reg_4
 23. Parameter Settings for User Entity Instance: processor:p0|reg_enable:reg_5
 24. Parameter Settings for User Entity Instance: processor:p0|reg_enable:reg_6
 25. Parameter Settings for User Entity Instance: processor:p0|reg_enable:reg_7
 26. Parameter Settings for User Entity Instance: inst_mem:SyncRom1p|altsyncram:altsyncram_component
 27. altsyncram Parameter Settings by Entity Instance
 28. Port Connectivity Checks: "processor:p0|reg_enable:A_reg"
 29. Port Connectivity Checks: "processor:p0|dec3to8:decY"
 30. Port Connectivity Checks: "processor:p0|dec3to8:decX"
 31. Port Connectivity Checks: "processor:p0"
 32. Post-Synthesis Netlist Statistics for Top Partition
 33. Elapsed Time Per Partition
 34. Analysis & Synthesis Messages



----------------
; Legal Notice ;
----------------
Copyright (C) 2018  Intel Corporation. All rights reserved.
Your use of Intel Corporation's design tools, logic functions 
and other software and tools, and its AMPP partner logic 
functions, and any output files from any of the foregoing 
(including device programming or simulation files), and any 
associated documentation or information are expressly subject 
to the terms and conditions of the Intel Program License 
Subscription Agreement, the Intel Quartus Prime License Agreement,
the Intel FPGA IP License Agreement, or other applicable license
agreement, including, without limitation, that your use is for
the sole purpose of programming logic devices manufactured by
Intel and sold by Intel or its authorized distributors.  Please
refer to the applicable agreement for further details.



+-------------------------------------------------------------------------------+
; Analysis & Synthesis Summary                                                  ;
+---------------------------------+---------------------------------------------+
; Analysis & Synthesis Status     ; Successful - Fri Nov 30 22:45:37 2018       ;
; Quartus Prime Version           ; 18.1.0 Build 625 09/12/2018 SJ Lite Edition ;
; Revision Name                   ; SimpleProcessor                             ;
; Top-level Entity Name           ; simple_processor_top                        ;
; Family                          ; Cyclone V                                   ;
; Logic utilization (in ALMs)     ; N/A                                         ;
; Total registers                 ; 0                                           ;
; Total pins                      ; 22                                          ;
; Total virtual pins              ; 0                                           ;
; Total block memory bits         ; 0                                           ;
; Total DSP Blocks                ; 0                                           ;
; Total HSSI RX PCSs              ; 0                                           ;
; Total HSSI PMA RX Deserializers ; 0                                           ;
; Total HSSI TX PCSs              ; 0                                           ;
; Total HSSI PMA TX Serializers   ; 0                                           ;
; Total PLLs                      ; 0                                           ;
; Total DLLs                      ; 0                                           ;
+---------------------------------+---------------------------------------------+


+-----------------------------------------------------------------------------------------------------------------------------+
; Analysis & Synthesis Settings                                                                                               ;
+---------------------------------------------------------------------------------+----------------------+--------------------+
; Option                                                                          ; Setting              ; Default Value      ;
+---------------------------------------------------------------------------------+----------------------+--------------------+
; Device                                                                          ; 5CGXFC7C7F23C8       ;                    ;
; Top-level entity name                                                           ; simple_processor_top ; SimpleProcessor    ;
; Family name                                                                     ; Cyclone V            ; Cyclone V          ;
; Use smart compilation                                                           ; Off                  ; Off                ;
; Enable parallel Assembler and Timing Analyzer during compilation                ; On                   ; On                 ;
; Enable compact report table                                                     ; Off                  ; Off                ;
; Restructure Multiplexers                                                        ; Auto                 ; Auto               ;
; MLAB Add Timing Constraints For Mixed-Port Feed-Through Mode Setting Don't Care ; Off                  ; Off                ;
; Create Debugging Nodes for IP Cores                                             ; Off                  ; Off                ;
; Preserve fewer node names                                                       ; On                   ; On                 ;
; Intel FPGA IP Evaluation Mode                                                   ; Enable               ; Enable             ;
; Verilog Version                                                                 ; Verilog_2001         ; Verilog_2001       ;
; VHDL Version                                                                    ; VHDL_1993            ; VHDL_1993          ;
; State Machine Processing                                                        ; Auto                 ; Auto               ;
; Safe State Machine                                                              ; Off                  ; Off                ;
; Extract Verilog State Machines                                                  ; On                   ; On                 ;
; Extract VHDL State Machines                                                     ; On                   ; On                 ;
; Ignore Verilog initial constructs                                               ; Off                  ; Off                ;
; Iteration limit for constant Verilog loops                                      ; 5000                 ; 5000               ;
; Iteration limit for non-constant Verilog loops                                  ; 250                  ; 250                ;
; Add Pass-Through Logic to Inferred RAMs                                         ; On                   ; On                 ;
; Infer RAMs from Raw Logic                                                       ; On                   ; On                 ;
; Parallel Synthesis                                                              ; On                   ; On                 ;
; DSP Block Balancing                                                             ; Auto                 ; Auto               ;
; NOT Gate Push-Back                                                              ; On                   ; On                 ;
; Power-Up Don't Care                                                             ; On                   ; On                 ;
; Remove Redundant Logic Cells                                                    ; Off                  ; Off                ;
; Remove Duplicate Registers                                                      ; On                   ; On                 ;
; Ignore CARRY Buffers                                                            ; Off                  ; Off                ;
; Ignore CASCADE Buffers                                                          ; Off                  ; Off                ;
; Ignore GLOBAL Buffers                                                           ; Off                  ; Off                ;
; Ignore ROW GLOBAL Buffers                                                       ; Off                  ; Off                ;
; Ignore LCELL Buffers                                                            ; Off                  ; Off                ;
; Ignore SOFT Buffers                                                             ; On                   ; On                 ;
; Limit AHDL Integers to 32 Bits                                                  ; Off                  ; Off                ;
; Optimization Technique                                                          ; Balanced             ; Balanced           ;
; Carry Chain Length                                                              ; 70                   ; 70                 ;
; Auto Carry Chains                                                               ; On                   ; On                 ;
; Auto Open-Drain Pins                                                            ; On                   ; On                 ;
; Perform WYSIWYG Primitive Resynthesis                                           ; Off                  ; Off                ;
; Auto ROM Replacement                                                            ; On                   ; On                 ;
; Auto RAM Replacement                                                            ; On                   ; On                 ;
; Auto DSP Block Replacement                                                      ; On                   ; On                 ;
; Auto Shift Register Replacement                                                 ; Auto                 ; Auto               ;
; Allow Shift Register Merging across Hierarchies                                 ; Auto                 ; Auto               ;
; Auto Clock Enable Replacement                                                   ; On                   ; On                 ;
; Strict RAM Replacement                                                          ; Off                  ; Off                ;
; Allow Synchronous Control Signals                                               ; On                   ; On                 ;
; Force Use of Synchronous Clear Signals                                          ; Off                  ; Off                ;
; Auto Resource Sharing                                                           ; Off                  ; Off                ;
; Allow Any RAM Size For Recognition                                              ; Off                  ; Off                ;
; Allow Any ROM Size For Recognition                                              ; Off                  ; Off                ;
; Allow Any Shift Register Size For Recognition                                   ; Off                  ; Off                ;
; Use LogicLock Constraints during Resource Balancing                             ; On                   ; On                 ;
; Ignore translate_off and synthesis_off directives                               ; Off                  ; Off                ;
; Timing-Driven Synthesis                                                         ; On                   ; On                 ;
; Report Parameter Settings                                                       ; On                   ; On                 ;
; Report Source Assignments                                                       ; On                   ; On                 ;
; Report Connectivity Checks                                                      ; On                   ; On                 ;
; Ignore Maximum Fan-Out Assignments                                              ; Off                  ; Off                ;
; Synchronization Register Chain Length                                           ; 3                    ; 3                  ;
; Power Optimization During Synthesis                                             ; Normal compilation   ; Normal compilation ;
; HDL message level                                                               ; Level2               ; Level2             ;
; Suppress Register Optimization Related Messages                                 ; Off                  ; Off                ;
; Number of Removed Registers Reported in Synthesis Report                        ; 5000                 ; 5000               ;
; Number of Swept Nodes Reported in Synthesis Report                              ; 5000                 ; 5000               ;
; Number of Inverted Registers Reported in Synthesis Report                       ; 100                  ; 100                ;
; Clock MUX Protection                                                            ; On                   ; On                 ;
; Auto Gated Clock Conversion                                                     ; Off                  ; Off                ;
; Block Design Naming                                                             ; Auto                 ; Auto               ;
; SDC constraint protection                                                       ; Off                  ; Off                ;
; Synthesis Effort                                                                ; Auto                 ; Auto               ;
; Shift Register Replacement - Allow Asynchronous Clear Signal                    ; On                   ; On                 ;
; Pre-Mapping Resynthesis Optimization                                            ; Off                  ; Off                ;
; Analysis & Synthesis Message Level                                              ; Medium               ; Medium             ;
; Disable Register Merging Across Hierarchies                                     ; Auto                 ; Auto               ;
; Resource Aware Inference For Block RAM                                          ; On                   ; On                 ;
; Automatic Parallel Synthesis                                                    ; On                   ; On                 ;
; Partial Reconfiguration Bitstream ID                                            ; Off                  ; Off                ;
+---------------------------------------------------------------------------------+----------------------+--------------------+


+------------------------------------------+
; Parallel Compilation                     ;
+----------------------------+-------------+
; Processors                 ; Number      ;
+----------------------------+-------------+
; Number detected on machine ; 8           ;
; Maximum allowed            ; 4           ;
;                            ;             ;
; Average used               ; 1.00        ;
; Maximum used               ; 1           ;
;                            ;             ;
; Usage by Processor         ; % Time Used ;
;     Processor 1            ; 100.0%      ;
+----------------------------+-------------+


+--------------------------------------------------------------------------------------------------------------------------------------------------------------------------------------------------+
; Analysis & Synthesis Source Files Read                                                                                                                                                           ;
+----------------------------------+-----------------+----------------------------------------+------------------------------------------------------------------------------------------+---------+
; File Name with User-Entered Path ; Used in Netlist ; File Type                              ; File Name with Absolute Path                                                             ; Library ;
+----------------------------------+-----------------+----------------------------------------+------------------------------------------------------------------------------------------+---------+
; processor.v                      ; yes             ; User Verilog HDL File                  ; C:/Users/mfida/OneDrive/Documents/Altera/projects/SimpleProcessor/processor.v            ;         ;
; addsub.v                         ; yes             ; User Verilog HDL File                  ; C:/Users/mfida/OneDrive/Documents/Altera/projects/SimpleProcessor/addsub.v               ;         ;
; dec3to8.v                        ; yes             ; User Verilog HDL File                  ; C:/Users/mfida/OneDrive/Documents/Altera/projects/SimpleProcessor/dec3to8.v              ;         ;
; reg_enable.v                     ; yes             ; User Verilog HDL File                  ; C:/Users/mfida/OneDrive/Documents/Altera/projects/SimpleProcessor/reg_enable.v           ;         ;
; simple_processor_top.v           ; yes             ; User Verilog HDL File                  ; C:/Users/mfida/OneDrive/Documents/Altera/projects/SimpleProcessor/simple_processor_top.v ;         ;
; inst_mem.v                       ; yes             ; User Wizard-Generated File             ; C:/Users/mfida/OneDrive/Documents/Altera/projects/SimpleProcessor/inst_mem.v             ;         ;
; altsyncram.tdf                   ; yes             ; Megafunction                           ; c:/intelfpga_lite/18.1/quartus/libraries/megafunctions/altsyncram.tdf                    ;         ;
; stratix_ram_block.inc            ; yes             ; Megafunction                           ; c:/intelfpga_lite/18.1/quartus/libraries/megafunctions/stratix_ram_block.inc             ;         ;
; lpm_mux.inc                      ; yes             ; Megafunction                           ; c:/intelfpga_lite/18.1/quartus/libraries/megafunctions/lpm_mux.inc                       ;         ;
; lpm_decode.inc                   ; yes             ; Megafunction                           ; c:/intelfpga_lite/18.1/quartus/libraries/megafunctions/lpm_decode.inc                    ;         ;
; aglobal181.inc                   ; yes             ; Megafunction                           ; c:/intelfpga_lite/18.1/quartus/libraries/megafunctions/aglobal181.inc                    ;         ;
; a_rdenreg.inc                    ; yes             ; Megafunction                           ; c:/intelfpga_lite/18.1/quartus/libraries/megafunctions/a_rdenreg.inc                     ;         ;
; altrom.inc                       ; yes             ; Megafunction                           ; c:/intelfpga_lite/18.1/quartus/libraries/megafunctions/altrom.inc                        ;         ;
; altram.inc                       ; yes             ; Megafunction                           ; c:/intelfpga_lite/18.1/quartus/libraries/megafunctions/altram.inc                        ;         ;
; altdpram.inc                     ; yes             ; Megafunction                           ; c:/intelfpga_lite/18.1/quartus/libraries/megafunctions/altdpram.inc                      ;         ;
; db/altsyncram_7ag1.tdf           ; yes             ; Auto-Generated Megafunction            ; C:/Users/mfida/OneDrive/Documents/Altera/projects/SimpleProcessor/db/altsyncram_7ag1.tdf ;         ;
; inst_mem.mif                     ; yes             ; Auto-Found Memory Initialization File  ; C:/Users/mfida/OneDrive/Documents/Altera/projects/SimpleProcessor/inst_mem.mif           ;         ;
+----------------------------------+-----------------+----------------------------------------+------------------------------------------------------------------------------------------+---------+


+-----------------------------------------------------+
; Analysis & Synthesis Resource Usage Summary         ;
+---------------------------------------------+-------+
; Resource                                    ; Usage ;
+---------------------------------------------+-------+
; Estimate of Logic utilization (ALMs needed) ; 0     ;
;                                             ;       ;
; Combinational ALUT usage for logic          ; 0     ;
;     -- 7 input functions                    ; 0     ;
;     -- 6 input functions                    ; 0     ;
;     -- 5 input functions                    ; 0     ;
;     -- 4 input functions                    ; 0     ;
;     -- <=3 input functions                  ; 0     ;
;                                             ;       ;
; Dedicated logic registers                   ; 0     ;
;                                             ;       ;
; I/O pins                                    ; 22    ;
;                                             ;       ;
; Total DSP Blocks                            ; 0     ;
;                                             ;       ;
; Maximum fan-out node                        ; SW[1] ;
; Maximum fan-out                             ; 1     ;
; Total fan-out                               ; 22    ;
; Average fan-out                             ; 0.50  ;
+---------------------------------------------+-------+


+---------------------------------------------------------------------------------------------------------------------------------------------------------------------------------------------------+
; Analysis & Synthesis Resource Utilization by Entity                                                                                                                                               ;
+----------------------------+---------------------+---------------------------+-------------------+------------+------+--------------+-----------------------+----------------------+--------------+
; Compilation Hierarchy Node ; Combinational ALUTs ; Dedicated Logic Registers ; Block Memory Bits ; DSP Blocks ; Pins ; Virtual Pins ; Full Hierarchy Name   ; Entity Name          ; Library Name ;
+----------------------------+---------------------+---------------------------+-------------------+------------+------+--------------+-----------------------+----------------------+--------------+
; |simple_processor_top      ; 0 (0)               ; 0 (0)                     ; 0                 ; 0          ; 22   ; 0            ; |simple_processor_top ; simple_processor_top ; work         ;
+----------------------------+---------------------+---------------------------+-------------------+------------+------+--------------+-----------------------+----------------------+--------------+
Note: For table entries with two numbers listed, the numbers in parentheses indicate the number of resources of the given type used by the specific entity alone. The numbers listed outside of parentheses indicate the total resources of the given type used by the specific entity and all of its sub-entities in the hierarchy.


+----------------------------------------------------------------------------------------------------------------------------+
; Analysis & Synthesis IP Cores Summary                                                                                      ;
+--------+--------------+---------+--------------+--------------+------------------------------------------+-----------------+
; Vendor ; IP Core Name ; Version ; Release Date ; License Type ; Entity Instance                          ; IP Include File ;
+--------+--------------+---------+--------------+--------------+------------------------------------------+-----------------+
; Altera ; ROM: 1-PORT  ; 18.1    ; N/A          ; N/A          ; |simple_processor_top|inst_mem:SyncRom1p ; inst_mem.v      ;
+--------+--------------+---------+--------------+--------------+------------------------------------------+-----------------+


Encoding Type:  One-Hot
+----------------------------------------------------------------+
; State Machine - |simple_processor_top|processor:p0|Tstep_Q     ;
+------------+------------+------------+------------+------------+
; Name       ; Tstep_Q.T3 ; Tstep_Q.T2 ; Tstep_Q.T1 ; Tstep_Q.T0 ;
+------------+------------+------------+------------+------------+
; Tstep_Q.T0 ; 0          ; 0          ; 0          ; 0          ;
; Tstep_Q.T1 ; 0          ; 0          ; 1          ; 1          ;
; Tstep_Q.T2 ; 0          ; 1          ; 0          ; 1          ;
; Tstep_Q.T3 ; 1          ; 0          ; 0          ; 1          ;
+------------+------------+------------+------------+------------+


+---------------------------------------------------------------+
; Registers Removed During Synthesis                            ;
+------------------------------------------+--------------------+
; Register name                            ; Reason for Removal ;
+------------------------------------------+--------------------+
; processor:p0|reg_enable:InstReg_0|Q[0]   ; Lost fanout        ;
; processor:p0|Tstep_Q~4                   ; Lost fanout        ;
; processor:p0|Tstep_Q~5                   ; Lost fanout        ;
; processor:p0|reg_enable:InstReg_0|Q[1,2] ; Lost fanout        ;
; count[0..4]                              ; Lost fanout        ;
; processor:p0|Tstep_Q.T0                  ; Lost fanout        ;
; processor:p0|Tstep_Q.T1                  ; Lost fanout        ;
; processor:p0|Tstep_Q.T2                  ; Lost fanout        ;
; processor:p0|Tstep_Q.T3                  ; Lost fanout        ;
; Total Number of Removed Registers = 14   ;                    ;
+------------------------------------------+--------------------+


+--------------------------------------------------------------------------------------------------------------------------------------------------------+
; Removed Registers Triggering Further Register Optimizations                                                                                            ;
+----------------------------------------+--------------------+------------------------------------------------------------------------------------------+
; Register name                          ; Reason for Removal ; Registers Removed due to This Register                                                   ;
+----------------------------------------+--------------------+------------------------------------------------------------------------------------------+
; processor:p0|reg_enable:InstReg_0|Q[0] ; Lost Fanouts       ; processor:p0|reg_enable:InstReg_0|Q[1], count[0], count[1], count[2], count[3], count[4] ;
; processor:p0|Tstep_Q~4                 ; Lost Fanouts       ; processor:p0|Tstep_Q.T0, processor:p0|Tstep_Q.T2                                         ;
; processor:p0|Tstep_Q~5                 ; Lost Fanouts       ; processor:p0|reg_enable:InstReg_0|Q[2]                                                   ;
+----------------------------------------+--------------------+------------------------------------------------------------------------------------------+


+------------------------------------------------------+
; General Register Statistics                          ;
+----------------------------------------------+-------+
; Statistic                                    ; Value ;
+----------------------------------------------+-------+
; Total registers                              ; 0     ;
; Number of registers using Synchronous Clear  ; 0     ;
; Number of registers using Synchronous Load   ; 0     ;
; Number of registers using Asynchronous Clear ; 0     ;
; Number of registers using Asynchronous Load  ; 0     ;
; Number of registers using Clock Enable       ; 0     ;
; Number of registers using Preset             ; 0     ;
+----------------------------------------------+-------+


+----------------------------------------------------------------------------------------------------------+
; Source assignments for inst_mem:SyncRom1p|altsyncram:altsyncram_component|altsyncram_7ag1:auto_generated ;
+---------------------------------+--------------------+------+--------------------------------------------+
; Assignment                      ; Value              ; From ; To                                         ;
+---------------------------------+--------------------+------+--------------------------------------------+
; OPTIMIZE_POWER_DURING_SYNTHESIS ; NORMAL_COMPILATION ; -    ; -                                          ;
+---------------------------------+--------------------+------+--------------------------------------------+


+-----------------------------------------------------------+
; Parameter Settings for User Entity Instance: processor:p0 ;
+----------------+-------+----------------------------------+
; Parameter Name ; Value ; Type                             ;
+----------------+-------+----------------------------------+
; T0             ; 00    ; Unsigned Binary                  ;
; T1             ; 01    ; Unsigned Binary                  ;
; T2             ; 10    ; Unsigned Binary                  ;
; T3             ; 11    ; Unsigned Binary                  ;
+----------------+-------+----------------------------------+
Note: In order to hide this table in the UI and the text report file, please set the "Show Parameter Settings in Synthesis Report" option in "Analysis and Synthesis Settings -> More Settings" to "Off".


+--------------------------------------------------------------------------------+
; Parameter Settings for User Entity Instance: processor:p0|reg_enable:InstReg_0 ;
+----------------+-------+-------------------------------------------------------+
; Parameter Name ; Value ; Type                                                  ;
+----------------+-------+-------------------------------------------------------+
; n              ; 9     ; Signed Integer                                        ;
+----------------+-------+-------------------------------------------------------+
Note: In order to hide this table in the UI and the text report file, please set the "Show Parameter Settings in Synthesis Report" option in "Analysis and Synthesis Settings -> More Settings" to "Off".


+----------------------------------------------------------------------------+
; Parameter Settings for User Entity Instance: processor:p0|reg_enable:A_reg ;
+----------------+-------+---------------------------------------------------+
; Parameter Name ; Value ; Type                                              ;
+----------------+-------+---------------------------------------------------+
; n              ; 9     ; Signed Integer                                    ;
+----------------+-------+---------------------------------------------------+
Note: In order to hide this table in the UI and the text report file, please set the "Show Parameter Settings in Synthesis Report" option in "Analysis and Synthesis Settings -> More Settings" to "Off".


+----------------------------------------------------------------------------+
; Parameter Settings for User Entity Instance: processor:p0|reg_enable:G_reg ;
+----------------+-------+---------------------------------------------------+
; Parameter Name ; Value ; Type                                              ;
+----------------+-------+---------------------------------------------------+
; n              ; 9     ; Signed Integer                                    ;
+----------------+-------+---------------------------------------------------+
Note: In order to hide this table in the UI and the text report file, please set the "Show Parameter Settings in Synthesis Report" option in "Analysis and Synthesis Settings -> More Settings" to "Off".


+----------------------------------------------------------------------------+
; Parameter Settings for User Entity Instance: processor:p0|reg_enable:reg_0 ;
+----------------+-------+---------------------------------------------------+
; Parameter Name ; Value ; Type                                              ;
+----------------+-------+---------------------------------------------------+
; n              ; 9     ; Signed Integer                                    ;
+----------------+-------+---------------------------------------------------+
Note: In order to hide this table in the UI and the text report file, please set the "Show Parameter Settings in Synthesis Report" option in "Analysis and Synthesis Settings -> More Settings" to "Off".


+----------------------------------------------------------------------------+
; Parameter Settings for User Entity Instance: processor:p0|reg_enable:reg_1 ;
+----------------+-------+---------------------------------------------------+
; Parameter Name ; Value ; Type                                              ;
+----------------+-------+---------------------------------------------------+
; n              ; 9     ; Signed Integer                                    ;
+----------------+-------+---------------------------------------------------+
Note: In order to hide this table in the UI and the text report file, please set the "Show Parameter Settings in Synthesis Report" option in "Analysis and Synthesis Settings -> More Settings" to "Off".


+----------------------------------------------------------------------------+
; Parameter Settings for User Entity Instance: processor:p0|reg_enable:reg_2 ;
+----------------+-------+---------------------------------------------------+
; Parameter Name ; Value ; Type                                              ;
+----------------+-------+---------------------------------------------------+
; n              ; 9     ; Signed Integer                                    ;
+----------------+-------+---------------------------------------------------+
Note: In order to hide this table in the UI and the text report file, please set the "Show Parameter Settings in Synthesis Report" option in "Analysis and Synthesis Settings -> More Settings" to "Off".


+----------------------------------------------------------------------------+
; Parameter Settings for User Entity Instance: processor:p0|reg_enable:reg_3 ;
+----------------+-------+---------------------------------------------------+
; Parameter Name ; Value ; Type                                              ;
+----------------+-------+---------------------------------------------------+
; n              ; 9     ; Signed Integer                                    ;
+----------------+-------+---------------------------------------------------+
Note: In order to hide this table in the UI and the text report file, please set the "Show Parameter Settings in Synthesis Report" option in "Analysis and Synthesis Settings -> More Settings" to "Off".


+----------------------------------------------------------------------------+
; Parameter Settings for User Entity Instance: processor:p0|reg_enable:reg_4 ;
+----------------+-------+---------------------------------------------------+
; Parameter Name ; Value ; Type                                              ;
+----------------+-------+---------------------------------------------------+
; n              ; 9     ; Signed Integer                                    ;
+----------------+-------+---------------------------------------------------+
Note: In order to hide this table in the UI and the text report file, please set the "Show Parameter Settings in Synthesis Report" option in "Analysis and Synthesis Settings -> More Settings" to "Off".


+----------------------------------------------------------------------------+
; Parameter Settings for User Entity Instance: processor:p0|reg_enable:reg_5 ;
+----------------+-------+---------------------------------------------------+
; Parameter Name ; Value ; Type                                              ;
+----------------+-------+---------------------------------------------------+
; n              ; 9     ; Signed Integer                                    ;
+----------------+-------+---------------------------------------------------+
Note: In order to hide this table in the UI and the text report file, please set the "Show Parameter Settings in Synthesis Report" option in "Analysis and Synthesis Settings -> More Settings" to "Off".


+----------------------------------------------------------------------------+
; Parameter Settings for User Entity Instance: processor:p0|reg_enable:reg_6 ;
+----------------+-------+---------------------------------------------------+
; Parameter Name ; Value ; Type                                              ;
+----------------+-------+---------------------------------------------------+
; n              ; 9     ; Signed Integer                                    ;
+----------------+-------+---------------------------------------------------+
Note: In order to hide this table in the UI and the text report file, please set the "Show Parameter Settings in Synthesis Report" option in "Analysis and Synthesis Settings -> More Settings" to "Off".


+----------------------------------------------------------------------------+
; Parameter Settings for User Entity Instance: processor:p0|reg_enable:reg_7 ;
+----------------+-------+---------------------------------------------------+
; Parameter Name ; Value ; Type                                              ;
+----------------+-------+---------------------------------------------------+
; n              ; 9     ; Signed Integer                                    ;
+----------------+-------+---------------------------------------------------+
Note: In order to hide this table in the UI and the text report file, please set the "Show Parameter Settings in Synthesis Report" option in "Analysis and Synthesis Settings -> More Settings" to "Off".


+-------------------------------------------------------------------------------------------------+
; Parameter Settings for User Entity Instance: inst_mem:SyncRom1p|altsyncram:altsyncram_component ;
+------------------------------------+----------------------+-------------------------------------+
; Parameter Name                     ; Value                ; Type                                ;
+------------------------------------+----------------------+-------------------------------------+
; BYTE_SIZE_BLOCK                    ; 8                    ; Untyped                             ;
; AUTO_CARRY_CHAINS                  ; ON                   ; AUTO_CARRY                          ;
; IGNORE_CARRY_BUFFERS               ; OFF                  ; IGNORE_CARRY                        ;
; AUTO_CASCADE_CHAINS                ; ON                   ; AUTO_CASCADE                        ;
; IGNORE_CASCADE_BUFFERS             ; OFF                  ; IGNORE_CASCADE                      ;
; WIDTH_BYTEENA                      ; 1                    ; Untyped                             ;
; OPERATION_MODE                     ; ROM                  ; Untyped                             ;
; WIDTH_A                            ; 9                    ; Signed Integer                      ;
; WIDTHAD_A                          ; 5                    ; Signed Integer                      ;
; NUMWORDS_A                         ; 32                   ; Signed Integer                      ;
; OUTDATA_REG_A                      ; UNREGISTERED         ; Untyped                             ;
; ADDRESS_ACLR_A                     ; NONE                 ; Untyped                             ;
; OUTDATA_ACLR_A                     ; NONE                 ; Untyped                             ;
; WRCONTROL_ACLR_A                   ; NONE                 ; Untyped                             ;
; INDATA_ACLR_A                      ; NONE                 ; Untyped                             ;
; BYTEENA_ACLR_A                     ; NONE                 ; Untyped                             ;
; WIDTH_B                            ; 1                    ; Untyped                             ;
; WIDTHAD_B                          ; 1                    ; Untyped                             ;
; NUMWORDS_B                         ; 1                    ; Untyped                             ;
; INDATA_REG_B                       ; CLOCK1               ; Untyped                             ;
; WRCONTROL_WRADDRESS_REG_B          ; CLOCK1               ; Untyped                             ;
; RDCONTROL_REG_B                    ; CLOCK1               ; Untyped                             ;
; ADDRESS_REG_B                      ; CLOCK1               ; Untyped                             ;
; OUTDATA_REG_B                      ; UNREGISTERED         ; Untyped                             ;
; BYTEENA_REG_B                      ; CLOCK1               ; Untyped                             ;
; INDATA_ACLR_B                      ; NONE                 ; Untyped                             ;
; WRCONTROL_ACLR_B                   ; NONE                 ; Untyped                             ;
; ADDRESS_ACLR_B                     ; NONE                 ; Untyped                             ;
; OUTDATA_ACLR_B                     ; NONE                 ; Untyped                             ;
; RDCONTROL_ACLR_B                   ; NONE                 ; Untyped                             ;
; BYTEENA_ACLR_B                     ; NONE                 ; Untyped                             ;
; WIDTH_BYTEENA_A                    ; 1                    ; Signed Integer                      ;
; WIDTH_BYTEENA_B                    ; 1                    ; Untyped                             ;
; RAM_BLOCK_TYPE                     ; AUTO                 ; Untyped                             ;
; BYTE_SIZE                          ; 8                    ; Untyped                             ;
; READ_DURING_WRITE_MODE_MIXED_PORTS ; DONT_CARE            ; Untyped                             ;
; READ_DURING_WRITE_MODE_PORT_A      ; NEW_DATA_NO_NBE_READ ; Untyped                             ;
; READ_DURING_WRITE_MODE_PORT_B      ; NEW_DATA_NO_NBE_READ ; Untyped                             ;
; INIT_FILE                          ; inst_mem.mif         ; Untyped                             ;
; INIT_FILE_LAYOUT                   ; PORT_A               ; Untyped                             ;
; MAXIMUM_DEPTH                      ; 0                    ; Untyped                             ;
; CLOCK_ENABLE_INPUT_A               ; BYPASS               ; Untyped                             ;
; CLOCK_ENABLE_INPUT_B               ; NORMAL               ; Untyped                             ;
; CLOCK_ENABLE_OUTPUT_A              ; BYPASS               ; Untyped                             ;
; CLOCK_ENABLE_OUTPUT_B              ; NORMAL               ; Untyped                             ;
; CLOCK_ENABLE_CORE_A                ; USE_INPUT_CLKEN      ; Untyped                             ;
; CLOCK_ENABLE_CORE_B                ; USE_INPUT_CLKEN      ; Untyped                             ;
; ENABLE_ECC                         ; FALSE                ; Untyped                             ;
; ECC_PIPELINE_STAGE_ENABLED         ; FALSE                ; Untyped                             ;
; WIDTH_ECCSTATUS                    ; 3                    ; Untyped                             ;
; DEVICE_FAMILY                      ; Cyclone V            ; Untyped                             ;
; CBXI_PARAMETER                     ; altsyncram_7ag1      ; Untyped                             ;
+------------------------------------+----------------------+-------------------------------------+
Note: In order to hide this table in the UI and the text report file, please set the "Show Parameter Settings in Synthesis Report" option in "Analysis and Synthesis Settings -> More Settings" to "Off".


+------------------------------------------------------------------------------------------------+
; altsyncram Parameter Settings by Entity Instance                                               ;
+-------------------------------------------+----------------------------------------------------+
; Name                                      ; Value                                              ;
+-------------------------------------------+----------------------------------------------------+
; Number of entity instances                ; 1                                                  ;
; Entity Instance                           ; inst_mem:SyncRom1p|altsyncram:altsyncram_component ;
;     -- OPERATION_MODE                     ; ROM                                                ;
;     -- WIDTH_A                            ; 9                                                  ;
;     -- NUMWORDS_A                         ; 32                                                 ;
;     -- OUTDATA_REG_A                      ; UNREGISTERED                                       ;
;     -- WIDTH_B                            ; 1                                                  ;
;     -- NUMWORDS_B                         ; 1                                                  ;
;     -- ADDRESS_REG_B                      ; CLOCK1                                             ;
;     -- OUTDATA_REG_B                      ; UNREGISTERED                                       ;
;     -- RAM_BLOCK_TYPE                     ; AUTO                                               ;
;     -- READ_DURING_WRITE_MODE_MIXED_PORTS ; DONT_CARE                                          ;
+-------------------------------------------+----------------------------------------------------+


+-----------------------------------------------------------+
; Port Connectivity Checks: "processor:p0|reg_enable:A_reg" ;
+--------+-------+----------+-------------------------------+
; Port   ; Type  ; Severity ; Details                       ;
+--------+-------+----------+-------------------------------+
; Enable ; Input ; Info     ; Stuck at GND                  ;
+--------+-------+----------+-------------------------------+


+-------------------------------------------------------+
; Port Connectivity Checks: "processor:p0|dec3to8:decY" ;
+------+-------+----------+-----------------------------+
; Port ; Type  ; Severity ; Details                     ;
+------+-------+----------+-----------------------------+
; En   ; Input ; Info     ; Stuck at VCC                ;
+------+-------+----------+-----------------------------+


+-------------------------------------------------------+
; Port Connectivity Checks: "processor:p0|dec3to8:decX" ;
+------+-------+----------+-----------------------------+
; Port ; Type  ; Severity ; Details                     ;
+------+-------+----------+-----------------------------+
; En   ; Input ; Info     ; Stuck at VCC                ;
+------+-------+----------+-----------------------------+


+--------------------------------------------------------------------------------------------------------------------+
; Port Connectivity Checks: "processor:p0"                                                                           ;
+----------+--------+----------+-------------------------------------------------------------------------------------+
; Port     ; Type   ; Severity ; Details                                                                             ;
+----------+--------+----------+-------------------------------------------------------------------------------------+
; Done     ; Output ; Info     ; Connected to dangling logic. Logic that only feeds a dangling port will be removed. ;
; BusWires ; Output ; Info     ; Connected to dangling logic. Logic that only feeds a dangling port will be removed. ;
+----------+--------+----------+-------------------------------------------------------------------------------------+


+-----------------------------------------------------+
; Post-Synthesis Netlist Statistics for Top Partition ;
+-----------------------+-----------------------------+
; Type                  ; Count                       ;
+-----------------------+-----------------------------+
; arriav_lcell_comb     ; 1                           ;
;     normal            ; 1                           ;
;         0 data inputs ; 1                           ;
; boundary_port         ; 22                          ;
;                       ;                             ;
; Max LUT depth         ; 0.00                        ;
; Average LUT depth     ; 0.00                        ;
+-----------------------+-----------------------------+


+-------------------------------+
; Elapsed Time Per Partition    ;
+----------------+--------------+
; Partition Name ; Elapsed Time ;
+----------------+--------------+
; Top            ; 00:00:00     ;
+----------------+--------------+


+-------------------------------+
; Analysis & Synthesis Messages ;
+-------------------------------+
Info: *******************************************************************
Info: Running Quartus Prime Analysis & Synthesis
    Info: Version 18.1.0 Build 625 09/12/2018 SJ Lite Edition
    Info: Processing started: Fri Nov 30 22:45:22 2018
Info: Command: quartus_map --read_settings_files=on --write_settings_files=off SimpleProcessor -c SimpleProcessor
Warning (18236): Number of processors has not been specified which may cause overloading on shared machines.  Set the global assignment NUM_PARALLEL_PROCESSORS in your QSF to an appropriate value for best performance.
Info (20030): Parallel compilation is enabled and will use 4 of the 4 processors detected
Info (12021): Found 1 design units, including 1 entities, in source file processor.v
    Info (12023): Found entity 1: processor File: C:/Users/mfida/OneDrive/Documents/Altera/projects/SimpleProcessor/processor.v Line: 1
Info (12021): Found 1 design units, including 1 entities, in source file addsub.v
    Info (12023): Found entity 1: addsub File: C:/Users/mfida/OneDrive/Documents/Altera/projects/SimpleProcessor/addsub.v Line: 1
Info (12021): Found 1 design units, including 1 entities, in source file dec3to8.v
    Info (12023): Found entity 1: dec3to8 File: C:/Users/mfida/OneDrive/Documents/Altera/projects/SimpleProcessor/dec3to8.v Line: 1
Info (12021): Found 1 design units, including 1 entities, in source file reg_enable.v
    Info (12023): Found entity 1: reg_enable File: C:/Users/mfida/OneDrive/Documents/Altera/projects/SimpleProcessor/reg_enable.v Line: 1
Info (12021): Found 1 design units, including 1 entities, in source file simple_processor_top.v
    Info (12023): Found entity 1: simple_processor_top File: C:/Users/mfida/OneDrive/Documents/Altera/projects/SimpleProcessor/simple_processor_top.v Line: 1
Info (12021): Found 1 design units, including 1 entities, in source file inst_mem.v
    Info (12023): Found entity 1: inst_mem File: C:/Users/mfida/OneDrive/Documents/Altera/projects/SimpleProcessor/inst_mem.v Line: 39
Info (12127): Elaborating entity "simple_processor_top" for the top level hierarchy
Warning (10030): Net "LEDR" at simple_processor_top.v(7) has no driver or initial value, using a default initial value '0' File: C:/Users/mfida/OneDrive/Documents/Altera/projects/SimpleProcessor/simple_processor_top.v Line: 7
Info (12128): Elaborating entity "processor" for hierarchy "processor:p0" File: C:/Users/mfida/OneDrive/Documents/Altera/projects/SimpleProcessor/simple_processor_top.v Line: 42
Warning (10270): Verilog HDL Case Statement warning at processor.v(115): incomplete case statement has no default case item File: C:/Users/mfida/OneDrive/Documents/Altera/projects/SimpleProcessor/processor.v Line: 115
Warning (10270): Verilog HDL Case Statement warning at processor.v(142): incomplete case statement has no default case item File: C:/Users/mfida/OneDrive/Documents/Altera/projects/SimpleProcessor/processor.v Line: 142
Warning (10270): Verilog HDL Case Statement warning at processor.v(158): incomplete case statement has no default case item File: C:/Users/mfida/OneDrive/Documents/Altera/projects/SimpleProcessor/processor.v Line: 158
Warning (10235): Verilog HDL Always Construct warning at processor.v(210): variable "DIN" is read inside the Always Construct but isn't in the Always Construct's Event Control File: C:/Users/mfida/OneDrive/Documents/Altera/projects/SimpleProcessor/processor.v Line: 210
Warning (10235): Verilog HDL Always Construct warning at processor.v(211): variable "G" is read inside the Always Construct but isn't in the Always Construct's Event Control File: C:/Users/mfida/OneDrive/Documents/Altera/projects/SimpleProcessor/processor.v Line: 211
Warning (10235): Verilog HDL Always Construct warning at processor.v(212): variable "R0" is read inside the Always Construct but isn't in the Always Construct's Event Control File: C:/Users/mfida/OneDrive/Documents/Altera/projects/SimpleProcessor/processor.v Line: 212
Warning (10235): Verilog HDL Always Construct warning at processor.v(213): variable "R1" is read inside the Always Construct but isn't in the Always Construct's Event Control File: C:/Users/mfida/OneDrive/Documents/Altera/projects/SimpleProcessor/processor.v Line: 213
Warning (10235): Verilog HDL Always Construct warning at processor.v(214): variable "R2" is read inside the Always Construct but isn't in the Always Construct's Event Control File: C:/Users/mfida/OneDrive/Documents/Altera/projects/SimpleProcessor/processor.v Line: 214
Warning (10235): Verilog HDL Always Construct warning at processor.v(215): variable "R3" is read inside the Always Construct but isn't in the Always Construct's Event Control File: C:/Users/mfida/OneDrive/Documents/Altera/projects/SimpleProcessor/processor.v Line: 215
Warning (10235): Verilog HDL Always Construct warning at processor.v(216): variable "R4" is read inside the Always Construct but isn't in the Always Construct's Event Control File: C:/Users/mfida/OneDrive/Documents/Altera/projects/SimpleProcessor/processor.v Line: 216
Warning (10235): Verilog HDL Always Construct warning at processor.v(217): variable "R5" is read inside the Always Construct but isn't in the Always Construct's Event Control File: C:/Users/mfida/OneDrive/Documents/Altera/projects/SimpleProcessor/processor.v Line: 217
Warning (10235): Verilog HDL Always Construct warning at processor.v(218): variable "R6" is read inside the Always Construct but isn't in the Always Construct's Event Control File: C:/Users/mfida/OneDrive/Documents/Altera/projects/SimpleProcessor/processor.v Line: 218
Warning (10235): Verilog HDL Always Construct warning at processor.v(219): variable "R7" is read inside the Always Construct but isn't in the Always Construct's Event Control File: C:/Users/mfida/OneDrive/Documents/Altera/projects/SimpleProcessor/processor.v Line: 219
Warning (10235): Verilog HDL Always Construct warning at processor.v(220): variable "DIN" is read inside the Always Construct but isn't in the Always Construct's Event Control File: C:/Users/mfida/OneDrive/Documents/Altera/projects/SimpleProcessor/processor.v Line: 220
Info (10264): Verilog HDL Case Statement information at processor.v(209): all case item expressions in this case statement are onehot File: C:/Users/mfida/OneDrive/Documents/Altera/projects/SimpleProcessor/processor.v Line: 209
Info (12128): Elaborating entity "dec3to8" for hierarchy "processor:p0|dec3to8:decX" File: C:/Users/mfida/OneDrive/Documents/Altera/projects/SimpleProcessor/processor.v Line: 63
Info (12128): Elaborating entity "reg_enable" for hierarchy "processor:p0|reg_enable:InstReg_0" File: C:/Users/mfida/OneDrive/Documents/Altera/projects/SimpleProcessor/processor.v Line: 187
Info (12128): Elaborating entity "addsub" for hierarchy "processor:p0|addsub:Addsub" File: C:/Users/mfida/OneDrive/Documents/Altera/projects/SimpleProcessor/processor.v Line: 191
Info (12128): Elaborating entity "inst_mem" for hierarchy "inst_mem:SyncRom1p" File: C:/Users/mfida/OneDrive/Documents/Altera/projects/SimpleProcessor/simple_processor_top.v Line: 50
Info (12128): Elaborating entity "altsyncram" for hierarchy "inst_mem:SyncRom1p|altsyncram:altsyncram_component" File: C:/Users/mfida/OneDrive/Documents/Altera/projects/SimpleProcessor/inst_mem.v Line: 81
Info (12130): Elaborated megafunction instantiation "inst_mem:SyncRom1p|altsyncram:altsyncram_component" File: C:/Users/mfida/OneDrive/Documents/Altera/projects/SimpleProcessor/inst_mem.v Line: 81
Info (12133): Instantiated megafunction "inst_mem:SyncRom1p|altsyncram:altsyncram_component" with the following parameter: File: C:/Users/mfida/OneDrive/Documents/Altera/projects/SimpleProcessor/inst_mem.v Line: 81
    Info (12134): Parameter "address_aclr_a" = "NONE"
    Info (12134): Parameter "clock_enable_input_a" = "BYPASS"
    Info (12134): Parameter "clock_enable_output_a" = "BYPASS"
    Info (12134): Parameter "init_file" = "inst_mem.mif"
    Info (12134): Parameter "intended_device_family" = "Cyclone V"
    Info (12134): Parameter "lpm_hint" = "ENABLE_RUNTIME_MOD=NO"
    Info (12134): Parameter "lpm_type" = "altsyncram"
    Info (12134): Parameter "numwords_a" = "32"
    Info (12134): Parameter "operation_mode" = "ROM"
    Info (12134): Parameter "outdata_aclr_a" = "NONE"
    Info (12134): Parameter "outdata_reg_a" = "UNREGISTERED"
    Info (12134): Parameter "widthad_a" = "5"
    Info (12134): Parameter "width_a" = "9"
    Info (12134): Parameter "width_byteena_a" = "1"
Info (12021): Found 1 design units, including 1 entities, in source file db/altsyncram_7ag1.tdf
    Info (12023): Found entity 1: altsyncram_7ag1 File: C:/Users/mfida/OneDrive/Documents/Altera/projects/SimpleProcessor/db/altsyncram_7ag1.tdf Line: 27
Info (12128): Elaborating entity "altsyncram_7ag1" for hierarchy "inst_mem:SyncRom1p|altsyncram:altsyncram_component|altsyncram_7ag1:auto_generated" File: c:/intelfpga_lite/18.1/quartus/libraries/megafunctions/altsyncram.tdf Line: 791
Warning (113028): 20 out of 32 addresses are uninitialized. The Quartus Prime software will initialize them to "0". There are 1 warnings found, and 1 warnings are reported. File: C:/Users/mfida/OneDrive/Documents/Altera/projects/SimpleProcessor/inst_mem.mif Line: 1
    Warning (113027): Addresses ranging from 12 to 31 are not initialized File: C:/Users/mfida/OneDrive/Documents/Altera/projects/SimpleProcessor/inst_mem.mif Line: 1
Warning (14284): Synthesized away the following node(s):
    Warning (14285): Synthesized away the following RAM node(s):
        Warning (14320): Synthesized away node "inst_mem:SyncRom1p|altsyncram:altsyncram_component|altsyncram_7ag1:auto_generated|q_a[3]" File: C:/Users/mfida/OneDrive/Documents/Altera/projects/SimpleProcessor/db/altsyncram_7ag1.tdf Line: 97
        Warning (14320): Synthesized away node "inst_mem:SyncRom1p|altsyncram:altsyncram_component|altsyncram_7ag1:auto_generated|q_a[4]" File: C:/Users/mfida/OneDrive/Documents/Altera/projects/SimpleProcessor/db/altsyncram_7ag1.tdf Line: 118
        Warning (14320): Synthesized away node "inst_mem:SyncRom1p|altsyncram:altsyncram_component|altsyncram_7ag1:auto_generated|q_a[5]" File: C:/Users/mfida/OneDrive/Documents/Altera/projects/SimpleProcessor/db/altsyncram_7ag1.tdf Line: 139
        Warning (14320): Synthesized away node "inst_mem:SyncRom1p|altsyncram:altsyncram_component|altsyncram_7ag1:auto_generated|q_a[6]" File: C:/Users/mfida/OneDrive/Documents/Altera/projects/SimpleProcessor/db/altsyncram_7ag1.tdf Line: 160
        Warning (14320): Synthesized away node "inst_mem:SyncRom1p|altsyncram:altsyncram_component|altsyncram_7ag1:auto_generated|q_a[7]" File: C:/Users/mfida/OneDrive/Documents/Altera/projects/SimpleProcessor/db/altsyncram_7ag1.tdf Line: 181
        Warning (14320): Synthesized away node "inst_mem:SyncRom1p|altsyncram:altsyncram_component|altsyncram_7ag1:auto_generated|q_a[8]" File: C:/Users/mfida/OneDrive/Documents/Altera/projects/SimpleProcessor/db/altsyncram_7ag1.tdf Line: 202
Warning (14284): Synthesized away the following node(s):
    Warning (14285): Synthesized away the following RAM node(s):
        Warning (14320): Synthesized away node "inst_mem:SyncRom1p|altsyncram:altsyncram_component|altsyncram_7ag1:auto_generated|q_a[0]" File: C:/Users/mfida/OneDrive/Documents/Altera/projects/SimpleProcessor/db/altsyncram_7ag1.tdf Line: 34
Warning (14284): Synthesized away the following node(s):
    Warning (14285): Synthesized away the following RAM node(s):
        Warning (14320): Synthesized away node "inst_mem:SyncRom1p|altsyncram:altsyncram_component|altsyncram_7ag1:auto_generated|q_a[2]" File: C:/Users/mfida/OneDrive/Documents/Altera/projects/SimpleProcessor/db/altsyncram_7ag1.tdf Line: 76
        Warning (14320): Synthesized away node "inst_mem:SyncRom1p|altsyncram:altsyncram_component|altsyncram_7ag1:auto_generated|q_a[1]" File: C:/Users/mfida/OneDrive/Documents/Altera/projects/SimpleProcessor/db/altsyncram_7ag1.tdf Line: 55
Warning (13024): Output pins are stuck at VCC or GND
    Warning (13410): Pin "LEDR[0]" is stuck at GND File: C:/Users/mfida/OneDrive/Documents/Altera/projects/SimpleProcessor/simple_processor_top.v Line: 7
    Warning (13410): Pin "LEDR[1]" is stuck at GND File: C:/Users/mfida/OneDrive/Documents/Altera/projects/SimpleProcessor/simple_processor_top.v Line: 7
    Warning (13410): Pin "LEDR[2]" is stuck at GND File: C:/Users/mfida/OneDrive/Documents/Altera/projects/SimpleProcessor/simple_processor_top.v Line: 7
    Warning (13410): Pin "LEDR[3]" is stuck at GND File: C:/Users/mfida/OneDrive/Documents/Altera/projects/SimpleProcessor/simple_processor_top.v Line: 7
    Warning (13410): Pin "LEDR[4]" is stuck at GND File: C:/Users/mfida/OneDrive/Documents/Altera/projects/SimpleProcessor/simple_processor_top.v Line: 7
    Warning (13410): Pin "LEDR[5]" is stuck at GND File: C:/Users/mfida/OneDrive/Documents/Altera/projects/SimpleProcessor/simple_processor_top.v Line: 7
    Warning (13410): Pin "LEDR[6]" is stuck at GND File: C:/Users/mfida/OneDrive/Documents/Altera/projects/SimpleProcessor/simple_processor_top.v Line: 7
    Warning (13410): Pin "LEDR[7]" is stuck at GND File: C:/Users/mfida/OneDrive/Documents/Altera/projects/SimpleProcessor/simple_processor_top.v Line: 7
    Warning (13410): Pin "LEDR[8]" is stuck at GND File: C:/Users/mfida/OneDrive/Documents/Altera/projects/SimpleProcessor/simple_processor_top.v Line: 7
    Warning (13410): Pin "LEDR[9]" is stuck at GND File: C:/Users/mfida/OneDrive/Documents/Altera/projects/SimpleProcessor/simple_processor_top.v Line: 7
Info (17049): 14 registers lost all their fanouts during netlist optimizations.
Info (16010): Generating hard_block partition "hard_block:auto_generated_inst"
    Info (16011): Adding 0 node(s), including 0 DDIO, 0 PLL, 0 transceiver and 0 LCELL
Warning (21074): Design contains 12 input pin(s) that do not drive logic
    Warning (15610): No output dependent on input pin "SW[1]" File: C:/Users/mfida/OneDrive/Documents/Altera/projects/SimpleProcessor/simple_processor_top.v Line: 3
    Warning (15610): No output dependent on input pin "SW[2]" File: C:/Users/mfida/OneDrive/Documents/Altera/projects/SimpleProcessor/simple_processor_top.v Line: 3
    Warning (15610): No output dependent on input pin "SW[3]" File: C:/Users/mfida/OneDrive/Documents/Altera/projects/SimpleProcessor/simple_processor_top.v Line: 3
    Warning (15610): No output dependent on input pin "SW[4]" File: C:/Users/mfida/OneDrive/Documents/Altera/projects/SimpleProcessor/simple_processor_top.v Line: 3
    Warning (15610): No output dependent on input pin "SW[5]" File: C:/Users/mfida/OneDrive/Documents/Altera/projects/SimpleProcessor/simple_processor_top.v Line: 3
    Warning (15610): No output dependent on input pin "SW[6]" File: C:/Users/mfida/OneDrive/Documents/Altera/projects/SimpleProcessor/simple_processor_top.v Line: 3
    Warning (15610): No output dependent on input pin "SW[7]" File: C:/Users/mfida/OneDrive/Documents/Altera/projects/SimpleProcessor/simple_processor_top.v Line: 3
    Warning (15610): No output dependent on input pin "SW[8]" File: C:/Users/mfida/OneDrive/Documents/Altera/projects/SimpleProcessor/simple_processor_top.v Line: 3
    Warning (15610): No output dependent on input pin "SW[9]" File: C:/Users/mfida/OneDrive/Documents/Altera/projects/SimpleProcessor/simple_processor_top.v Line: 3
    Warning (15610): No output dependent on input pin "KEY[1]" File: C:/Users/mfida/OneDrive/Documents/Altera/projects/SimpleProcessor/simple_processor_top.v Line: 4
    Warning (15610): No output dependent on input pin "SW[0]" File: C:/Users/mfida/OneDrive/Documents/Altera/projects/SimpleProcessor/simple_processor_top.v Line: 3
    Warning (15610): No output dependent on input pin "KEY[0]" File: C:/Users/mfida/OneDrive/Documents/Altera/projects/SimpleProcessor/simple_processor_top.v Line: 4
Info (21057): Implemented 22 device resources after synthesis - the final resource count might be different
    Info (21058): Implemented 12 input pins
    Info (21059): Implemented 10 output pins
Info: Quartus Prime Analysis & Synthesis was successful. 0 errors, 57 warnings
    Info: Peak virtual memory: 4826 megabytes
    Info: Processing ended: Fri Nov 30 22:45:37 2018
    Info: Elapsed time: 00:00:15
    Info: Total CPU time (on all processors): 00:00:32


